{"/home/ubutu/Documentos/projetos/SAP003-md-links/lib/index.js": {"path":"/home/ubutu/Documentos/projetos/SAP003-md-links/lib/index.js","statementMap":{"0":{"start":{"line":1,"column":11},"end":{"line":1,"column":24}},"1":{"start":{"line":4,"column":2},"end":{"line":19,"column":5}},"2":{"start":{"line":5,"column":4},"end":{"line":18,"column":7}},"3":{"start":{"line":6,"column":6},"end":{"line":17,"column":7}},"4":{"start":{"line":7,"column":8},"end":{"line":7,"column":36}},"5":{"start":{"line":9,"column":28},"end":{"line":9,"column":59}},"6":{"start":{"line":10,"column":30},"end":{"line":13,"column":10}},"7":{"start":{"line":11,"column":10},"end":{"line":12,"column":57}},"8":{"start":{"line":14,"column":8},"end":{"line":14,"column":35}},"9":{"start":{"line":16,"column":8},"end":{"line":16,"column":31}},"10":{"start":{"line":22,"column":0},"end":{"line":22,"column":25}}},"fnMap":{"0":{"name":"mdLinks","decl":{"start":{"line":3,"column":9},"end":{"line":3,"column":16}},"loc":{"start":{"line":3,"column":23},"end":{"line":20,"column":1}},"line":3},"1":{"name":"(anonymous_1)","decl":{"start":{"line":4,"column":21},"end":{"line":4,"column":22}},"loc":{"start":{"line":4,"column":42},"end":{"line":19,"column":3}},"line":4},"2":{"name":"(anonymous_2)","decl":{"start":{"line":5,"column":30},"end":{"line":5,"column":31}},"loc":{"start":{"line":5,"column":45},"end":{"line":18,"column":5}},"line":5},"3":{"name":"(anonymous_3)","decl":{"start":{"line":10,"column":46},"end":{"line":10,"column":47}},"loc":{"start":{"line":10,"column":62},"end":{"line":13,"column":9}},"line":10}},"branchMap":{"0":{"loc":{"start":{"line":6,"column":6},"end":{"line":17,"column":7}},"type":"if","locations":[{"start":{"line":6,"column":6},"end":{"line":17,"column":7}},{"start":{"line":6,"column":6},"end":{"line":17,"column":7}}],"line":6}},"s":{"0":1,"1":2,"2":2,"3":2,"4":1,"5":1,"6":1,"7":2,"8":1,"9":1,"10":1},"f":{"0":2,"1":2,"2":2,"3":2},"b":{"0":[1,1]},"_coverageSchema":"43e27e138ebf9cfc5966b082cf9a028302ed4184","hash":"42a03a863e5afd71c6bed1b9c449bbadc83d3168"}
}
